<?xml version="1.0" encoding="UTF-8"?>
<testsuites name="Login testing" time="79.844" tests="3" failures="0" errors="0">
   <testsuite name="Login testing" tests="3" failures="0" errors="0" time="79.844" skipped="0" timestamp="2023-01-26 10:34:57" hostname="dimas - LAPTOP-6BQ6KBE7" id="Test Suites/Login testing">
      <properties>
         <property name="deviceName" value="emulator-5554 (sdk_gphone_x86 - Android 11)"/>
         <property name="devicePlatform" value=""/>
         <property name="logFolder" value="C:\\Users\\dimas\\git\\Mobile-Test\\Reports\\20230126_103454\\Login testing\\20230126_103454"/>
         <property name="logFiles" value="C:\\Users\\dimas\\git\\Mobile-Test\\Reports\\20230126_103454\\Login testing\\20230126_103454\\appium.log, C:\\Users\\dimas\\git\\Mobile-Test\\Reports\\20230126_103454\\Login testing\\20230126_103454\\execution0.log"/>
         <property name="attachments" value=""/>
         <property name="hostName" value="dimas - LAPTOP-6BQ6KBE7"/>
         <property name="os" value="Windows 10 64bit"/>
         <property name="appiumServerStatus" value="{&quot;value&quot;:{&quot;build&quot;:{&quot;version&quot;:&quot;1.22.3&quot;}},&quot;sessionId&quot;:null,&quot;status&quot;:0}"/>
         <property name="katalonVersion" value="8.5.5.208"/>
         <property name="deviceOS" value="Android"/>
         <property name="appiumVersion" value="1.22.3"/>
         <property name="deviceModel" value="sdk_gphone_x86"/>
         <property name="hostAddress" value="192.168.100.15"/>
         <property name="deviceManufacturer" value="Google"/>
         <property name="deviceId" value="emulator-5554"/>
         <property name="deviceName" value="emulator-5554 (sdk_gphone_x86 - Android 11)"/>
         <property name="deviceOSVersion" value="11"/>
      </properties>
      <testcase name="Test Cases/TC01-Login Failed" time="28.096" classname="Test Cases/TC01-Login Failed" status="PASSED">
         <system-out><![CDATA[2023-01-26 10:34:58 - [TEST_CASE][PASSED] - Test Cases/TC01-Login Failed: Test Cases/TC01-Login Failed

2023-01-26 10:34:58 - [TEST_STEP][PASSED] - startApplication("C:\Users\dimas\Downloads\Android-MyDemoAppRN.1.2.0.build-231.apk", true): Started app at: 'C:\Users\dimas\Downloads\Android-MyDemoAppRN.1.2.0.build-231.apk'

2023-01-26 10:34:59 - [MESSAGE][INFO] - Detected NodeJS location: "C:\Program Files\nodejs\node.exe"

2023-01-26 10:35:00 - [MESSAGE][INFO] - Appium server started on port 60,313

2023-01-26 10:35:16 - [MESSAGE][PASSED] - Started app at: 'C:\Users\dimas\Downloads\Android-MyDemoAppRN.1.2.0.build-231.apk'

2023-01-26 10:35:16 - [TEST_STEP][PASSED] - tap(findTestObject("Object Repository/android.widget.ImageView"), 0): Tapped on element 'Object Repository/android.widget.ImageView'

2023-01-26 10:35:17 - [MESSAGE][WARNING] - Timeout '0' is invalid. Using default page load timeout: '30'

2023-01-26 10:35:18 - [MESSAGE][PASSED] - Tapped on element 'Object Repository/android.widget.ImageView'

2023-01-26 10:35:18 - [TEST_STEP][PASSED] - tap(findTestObject("Object Repository/android.widget.TextView - Log In"), 0): Tapped on element 'Object Repository/android.widget.TextView - Log In'

2023-01-26 10:35:18 - [MESSAGE][WARNING] - Timeout '0' is invalid. Using default page load timeout: '30'

2023-01-26 10:35:20 - [MESSAGE][PASSED] - Tapped on element 'Object Repository/android.widget.TextView - Log In'

2023-01-26 10:35:20 - [TEST_STEP][PASSED] - setText(findTestObject("Object Repository/android.widget.EditText"), " ", 0): Text ' ' has been set to element 'Object Repository/android.widget.EditText'

2023-01-26 10:35:20 - [MESSAGE][WARNING] - Timeout '0' is invalid. Using default page load timeout: '30'

2023-01-26 10:35:22 - [MESSAGE][PASSED] - Text ' ' has been set to element 'Object Repository/android.widget.EditText'

2023-01-26 10:35:22 - [TEST_STEP][PASSED] - setText(findTestObject("Object Repository/android.widget.EditText (1)"), " ", 0): Text ' ' has been set to element 'Object Repository/android.widget.EditText (1)'

2023-01-26 10:35:22 - [MESSAGE][WARNING] - Timeout '0' is invalid. Using default page load timeout: '30'

2023-01-26 10:35:23 - [MESSAGE][PASSED] - Text ' ' has been set to element 'Object Repository/android.widget.EditText (1)'

2023-01-26 10:35:23 - [TEST_STEP][PASSED] - tap(findTestObject("Object Repository/android.view.ViewGroup"), 0): Tapped on element 'Object Repository/android.view.ViewGroup'

2023-01-26 10:35:23 - [MESSAGE][WARNING] - Timeout '0' is invalid. Using default page load timeout: '30'

2023-01-26 10:35:24 - [MESSAGE][PASSED] - Tapped on element 'Object Repository/android.view.ViewGroup'

2023-01-26 10:35:24 - [TEST_STEP][PASSED] - verifyElementText(findTestObject("Object Repository/android.widget.TextView - Provided credentials do not match any user in this service"), "Provided credentials do not match any user in this service."): Actual text and expected text of test object 'Object Repository/android.widget.TextView - Provided credentials do not match any user in this service' are matched.

2023-01-26 10:35:25 - [MESSAGE][PASSED] - Actual text and expected text of test object 'Object Repository/android.widget.TextView - Provided credentials do not match any user in this service' are matched.

2023-01-26 10:35:25 - [TEST_STEP][PASSED] - closeApplication(): Close app successfully

2023-01-26 10:35:26 - [MESSAGE][PASSED] - Close app successfully]]></system-out>
         <system-err><![CDATA[]]></system-err>
      </testcase>
      <testcase name="Test Cases/TC02-Login Failed_2" time="26.215" classname="Test Cases/TC02-Login Failed_2" status="PASSED">
         <system-out><![CDATA[2023-01-26 10:35:26 - [TEST_CASE][PASSED] - Test Cases/TC02-Login Failed_2: Test Cases/TC02-Login Failed_2

2023-01-26 10:35:26 - [TEST_STEP][PASSED] - startApplication("C:\Users\dimas\Downloads\Android-MyDemoAppRN.1.2.0.build-231.apk", true): Started app at: 'C:\Users\dimas\Downloads\Android-MyDemoAppRN.1.2.0.build-231.apk'

2023-01-26 10:35:26 - [MESSAGE][INFO] - Detected NodeJS location: "C:\Program Files\nodejs\node.exe"

2023-01-26 10:35:28 - [MESSAGE][INFO] - Appium server started on port 60,535

2023-01-26 10:35:44 - [MESSAGE][PASSED] - Started app at: 'C:\Users\dimas\Downloads\Android-MyDemoAppRN.1.2.0.build-231.apk'

2023-01-26 10:35:44 - [TEST_STEP][PASSED] - tap(findTestObject("Object Repository/android.widget.ImageView (1)"), 0): Tapped on element 'Object Repository/android.widget.ImageView (1)'

2023-01-26 10:35:44 - [MESSAGE][WARNING] - Timeout '0' is invalid. Using default page load timeout: '30'

2023-01-26 10:35:45 - [MESSAGE][PASSED] - Tapped on element 'Object Repository/android.widget.ImageView (1)'

2023-01-26 10:35:45 - [TEST_STEP][PASSED] - tap(findTestObject("Object Repository/android.widget.TextView - Log In (1)"), 0): Tapped on element 'Object Repository/android.widget.TextView - Log In (1)'

2023-01-26 10:35:45 - [MESSAGE][WARNING] - Timeout '0' is invalid. Using default page load timeout: '30'

2023-01-26 10:35:47 - [MESSAGE][PASSED] - Tapped on element 'Object Repository/android.widget.TextView - Log In (1)'

2023-01-26 10:35:47 - [TEST_STEP][PASSED] - setText(findTestObject("android.widget.EditText (2)"), "Lol1234", 0): Text 'Lol1234' has been set to element 'Object Repository/android.widget.EditText (2)'

2023-01-26 10:35:47 - [MESSAGE][WARNING] - Timeout '0' is invalid. Using default page load timeout: '30'

2023-01-26 10:35:49 - [MESSAGE][PASSED] - Text 'Lol1234' has been set to element 'Object Repository/android.widget.EditText (2)'

2023-01-26 10:35:49 - [TEST_STEP][PASSED] - tap(findTestObject("Object Repository/android.view.ViewGroup (1)"), 0): Tapped on element 'Object Repository/android.view.ViewGroup (1)'

2023-01-26 10:35:49 - [MESSAGE][WARNING] - Timeout '0' is invalid. Using default page load timeout: '30'

2023-01-26 10:35:50 - [MESSAGE][PASSED] - Tapped on element 'Object Repository/android.view.ViewGroup (1)'

2023-01-26 10:35:50 - [TEST_STEP][PASSED] - verifyElementText(findTestObject("Object Repository/android.widget.TextView - Password is required"), "Password is required"): Actual text and expected text of test object 'Object Repository/android.widget.TextView - Password is required' are matched.

2023-01-26 10:35:51 - [MESSAGE][PASSED] - Actual text and expected text of test object 'Object Repository/android.widget.TextView - Password is required' are matched.

2023-01-26 10:35:51 - [TEST_STEP][PASSED] - closeApplication(): Close app successfully

2023-01-26 10:35:52 - [MESSAGE][PASSED] - Close app successfully]]></system-out>
         <system-err><![CDATA[]]></system-err>
      </testcase>
      <testcase name="Test Cases/TC03-Login Failed_3" time="25.188" classname="Test Cases/TC03-Login Failed_3" status="PASSED">
         <system-out><![CDATA[2023-01-26 10:35:52 - [TEST_CASE][PASSED] - Test Cases/TC03-Login Failed_3: Test Cases/TC03-Login Failed_3

2023-01-26 10:35:52 - [TEST_STEP][PASSED] - startApplication("C:\Users\dimas\Downloads\Android-MyDemoAppRN.1.2.0.build-231.apk", true): Started app at: 'C:\Users\dimas\Downloads\Android-MyDemoAppRN.1.2.0.build-231.apk'

2023-01-26 10:35:53 - [MESSAGE][INFO] - Detected NodeJS location: "C:\Program Files\nodejs\node.exe"

2023-01-26 10:35:54 - [MESSAGE][INFO] - Appium server started on port 60,751

2023-01-26 10:36:10 - [MESSAGE][PASSED] - Started app at: 'C:\Users\dimas\Downloads\Android-MyDemoAppRN.1.2.0.build-231.apk'

2023-01-26 10:36:10 - [TEST_STEP][PASSED] - tap(findTestObject("Object Repository/android.widget.ImageView (2)"), 0): Tapped on element 'Object Repository/android.widget.ImageView (2)'

2023-01-26 10:36:10 - [MESSAGE][WARNING] - Timeout '0' is invalid. Using default page load timeout: '30'

2023-01-26 10:36:11 - [MESSAGE][PASSED] - Tapped on element 'Object Repository/android.widget.ImageView (2)'

2023-01-26 10:36:11 - [TEST_STEP][PASSED] - tap(findTestObject("Object Repository/android.widget.TextView - Log In (2)"), 0): Tapped on element 'Object Repository/android.widget.TextView - Log In (2)'

2023-01-26 10:36:11 - [MESSAGE][WARNING] - Timeout '0' is invalid. Using default page load timeout: '30'

2023-01-26 10:36:13 - [MESSAGE][PASSED] - Tapped on element 'Object Repository/android.widget.TextView - Log In (2)'

2023-01-26 10:36:13 - [TEST_STEP][PASSED] - tap(findTestObject("Object Repository/android.view.ViewGroup (2)"), 0): Tapped on element 'Object Repository/android.view.ViewGroup (2)'

2023-01-26 10:36:13 - [MESSAGE][WARNING] - Timeout '0' is invalid. Using default page load timeout: '30'

2023-01-26 10:36:15 - [MESSAGE][PASSED] - Tapped on element 'Object Repository/android.view.ViewGroup (2)'

2023-01-26 10:36:15 - [TEST_STEP][PASSED] - verifyElementText(findTestObject("Object Repository/android.widget.TextView - Username is required"), "Username is required"): Actual text and expected text of test object 'Object Repository/android.widget.TextView - Username is required' are matched.

2023-01-26 10:36:16 - [MESSAGE][PASSED] - Actual text and expected text of test object 'Object Repository/android.widget.TextView - Username is required' are matched.

2023-01-26 10:36:16 - [TEST_STEP][PASSED] - closeApplication(): Close app successfully

2023-01-26 10:36:17 - [MESSAGE][PASSED] - Close app successfully]]></system-out>
         <system-err><![CDATA[]]></system-err>
      </testcase>
      <system-out><![CDATA[2023-01-26 10:34:57 - [TEST_SUITE][PASSED] - Login testing: Test Cases/TC03-Login Failed_3]]></system-out>
      <system-err><![CDATA[]]></system-err>
   </testsuite>
</testsuites>
