<?xml version="1.0" encoding="UTF-8"?>
<testsuites name="Cart adding testing" time="94.403" tests="2" failures="0" errors="0">
   <testsuite name="Cart adding testing" tests="2" failures="0" errors="0" time="94.403" skipped="0" timestamp="2023-01-26 11:11:27" hostname="dimas - LAPTOP-6BQ6KBE7" id="Test Suites/Cart adding testing">
      <properties>
         <property name="deviceName" value="emulator-5554 (sdk_gphone_x86 - Android 11)"/>
         <property name="devicePlatform" value=""/>
         <property name="logFolder" value="C:\\Users\\dimas\\git\\Mobile-Test\\Reports\\20230126_111123\\Cart adding testing\\20230126_111123"/>
         <property name="logFiles" value="C:\\Users\\dimas\\git\\Mobile-Test\\Reports\\20230126_111123\\Cart adding testing\\20230126_111123\\appium.log, C:\\Users\\dimas\\git\\Mobile-Test\\Reports\\20230126_111123\\Cart adding testing\\20230126_111123\\execution0.log"/>
         <property name="attachments" value=""/>
         <property name="hostName" value="dimas - LAPTOP-6BQ6KBE7"/>
         <property name="os" value="Windows 10 64bit"/>
         <property name="appiumServerStatus" value="{&quot;value&quot;:{&quot;build&quot;:{&quot;version&quot;:&quot;1.22.3&quot;}},&quot;sessionId&quot;:null,&quot;status&quot;:0}"/>
         <property name="katalonVersion" value="8.5.5.208"/>
         <property name="deviceOS" value="Android"/>
         <property name="appiumVersion" value="1.22.3"/>
         <property name="deviceModel" value="sdk_gphone_x86"/>
         <property name="hostAddress" value="192.168.100.15"/>
         <property name="deviceManufacturer" value="Google"/>
         <property name="deviceId" value="emulator-5554"/>
         <property name="deviceName" value="emulator-5554 (sdk_gphone_x86 - Android 11)"/>
         <property name="deviceOSVersion" value="11"/>
      </properties>
      <testcase name="Test Cases/TC04-Cart adding success" time="40.244" classname="Test Cases/TC04-Cart adding success" status="PASSED">
         <system-out><![CDATA[2023-01-26 11:11:28 - [TEST_CASE][PASSED] - Test Cases/TC04-Cart adding success: Test Cases/TC04-Cart adding success

2023-01-26 11:11:29 - [TEST_STEP][PASSED] - startApplication("C:\Users\dimas\Downloads\Android-MyDemoAppRN.1.2.0.build-231.apk", true): Started app at: 'C:\Users\dimas\Downloads\Android-MyDemoAppRN.1.2.0.build-231.apk'

2023-01-26 11:11:29 - [MESSAGE][INFO] - Detected NodeJS location: "C:\Program Files\nodejs\node.exe"

2023-01-26 11:11:31 - [MESSAGE][INFO] - Appium server started on port 51,187

2023-01-26 11:11:56 - [MESSAGE][PASSED] - Started app at: 'C:\Users\dimas\Downloads\Android-MyDemoAppRN.1.2.0.build-231.apk'

2023-01-26 11:11:56 - [TEST_STEP][PASSED] - tap(findTestObject("Object Repository/Cart/android.widget.ImageView (2)"), 0): Tapped on element 'Object Repository/Cart/android.widget.ImageView (2)'

2023-01-26 11:11:56 - [MESSAGE][WARNING] - Timeout '0' is invalid. Using default page load timeout: '30'

2023-01-26 11:11:58 - [MESSAGE][PASSED] - Tapped on element 'Object Repository/Cart/android.widget.ImageView (2)'

2023-01-26 11:11:58 - [TEST_STEP][PASSED] - scrollToText("Add To Cart"): Scrolling to text 'Add To Cart' successfully

2023-01-26 11:12:04 - [MESSAGE][PASSED] - Scrolling to text 'Add To Cart' successfully

2023-01-26 11:12:04 - [TEST_STEP][PASSED] - tap(findTestObject("Object Repository/Cart/android.view.ViewGroup (1)"), 0): Tapped on element 'Object Repository/Cart/android.view.ViewGroup (1)'

2023-01-26 11:12:04 - [MESSAGE][WARNING] - Timeout '0' is invalid. Using default page load timeout: '30'

2023-01-26 11:12:04 - [MESSAGE][PASSED] - Tapped on element 'Object Repository/Cart/android.view.ViewGroup (1)'

2023-01-26 11:12:04 - [TEST_STEP][PASSED] - tap(findTestObject("Object Repository/Cart/android.widget.ImageView (3)"), 0): Tapped on element 'Object Repository/Cart/android.widget.ImageView (3)'

2023-01-26 11:12:04 - [MESSAGE][WARNING] - Timeout '0' is invalid. Using default page load timeout: '30'

2023-01-26 11:12:05 - [MESSAGE][PASSED] - Tapped on element 'Object Repository/Cart/android.widget.ImageView (3)'

2023-01-26 11:12:05 - [TEST_STEP][PASSED] - tap(findTestObject("Object Repository/Cart/android.widget.TextView - Proceed To Checkout"), 0): Tapped on element 'Object Repository/Cart/android.widget.TextView - Proceed To Checkout'

2023-01-26 11:12:05 - [MESSAGE][WARNING] - Timeout '0' is invalid. Using default page load timeout: '30'

2023-01-26 11:12:06 - [MESSAGE][PASSED] - Tapped on element 'Object Repository/Cart/android.widget.TextView - Proceed To Checkout'

2023-01-26 11:12:06 - [TEST_STEP][PASSED] - closeApplication(): Close app successfully

2023-01-26 11:12:08 - [MESSAGE][PASSED] - Close app successfully]]></system-out>
         <system-err><![CDATA[]]></system-err>
      </testcase>
      <testcase name="Test Cases/TC05-Cart adding success_2" time="53.658" classname="Test Cases/TC05-Cart adding success_2" status="PASSED">
         <system-out><![CDATA[2023-01-26 11:12:08 - [TEST_CASE][PASSED] - Test Cases/TC05-Cart adding success_2: Test Cases/TC05-Cart adding success_2

2023-01-26 11:12:09 - [TEST_STEP][PASSED] - startApplication("C:\Users\dimas\Downloads\Android-MyDemoAppRN.1.2.0.build-231.apk", true): Started app at: 'C:\Users\dimas\Downloads\Android-MyDemoAppRN.1.2.0.build-231.apk'

2023-01-26 11:12:09 - [MESSAGE][INFO] - Detected NodeJS location: "C:\Program Files\nodejs\node.exe"

2023-01-26 11:12:13 - [MESSAGE][INFO] - Appium server started on port 51,461

2023-01-26 11:12:38 - [MESSAGE][PASSED] - Started app at: 'C:\Users\dimas\Downloads\Android-MyDemoAppRN.1.2.0.build-231.apk'

2023-01-26 11:12:38 - [TEST_STEP][PASSED] - tap(findTestObject("Object Repository/Cart/android.widget.ImageView (4)"), 0): Tapped on element 'Object Repository/Cart/android.widget.ImageView (4)'

2023-01-26 11:12:38 - [MESSAGE][WARNING] - Timeout '0' is invalid. Using default page load timeout: '30'

2023-01-26 11:12:40 - [MESSAGE][PASSED] - Tapped on element 'Object Repository/Cart/android.widget.ImageView (4)'

2023-01-26 11:12:40 - [TEST_STEP][PASSED] - scrollToText("Add To Cart"): Scrolling to text 'Add To Cart' successfully

2023-01-26 11:12:45 - [MESSAGE][PASSED] - Scrolling to text 'Add To Cart' successfully

2023-01-26 11:12:45 - [TEST_STEP][PASSED] - tap(findTestObject("Object Repository/Cart/android.widget.TextView - Add To Cart"), 0): Tapped on element 'Object Repository/Cart/android.widget.TextView - Add To Cart'

2023-01-26 11:12:46 - [MESSAGE][WARNING] - Timeout '0' is invalid. Using default page load timeout: '30'

2023-01-26 11:12:46 - [MESSAGE][PASSED] - Tapped on element 'Object Repository/Cart/android.widget.TextView - Add To Cart'

2023-01-26 11:12:46 - [TEST_STEP][PASSED] - tap(findTestObject("Object Repository/Cart/android.widget.ImageView (5)"), 0): Tapped on element 'Object Repository/Cart/android.widget.ImageView (5)'

2023-01-26 11:12:46 - [MESSAGE][WARNING] - Timeout '0' is invalid. Using default page load timeout: '30'

2023-01-26 11:12:47 - [MESSAGE][PASSED] - Tapped on element 'Object Repository/Cart/android.widget.ImageView (5)'

2023-01-26 11:12:47 - [TEST_STEP][PASSED] - tap(findTestObject("Object Repository/Cart/android.widget.ImageView (6)"), 0): Tapped on element 'Object Repository/Cart/android.widget.ImageView (6)'

2023-01-26 11:12:47 - [MESSAGE][WARNING] - Timeout '0' is invalid. Using default page load timeout: '30'

2023-01-26 11:12:48 - [MESSAGE][PASSED] - Tapped on element 'Object Repository/Cart/android.widget.ImageView (6)'

2023-01-26 11:12:48 - [TEST_STEP][PASSED] - tap(findTestObject("Object Repository/Cart/android.widget.TextView - Catalog"), 0): Tapped on element 'Object Repository/Cart/android.widget.TextView - Catalog'

2023-01-26 11:12:48 - [MESSAGE][WARNING] - Timeout '0' is invalid. Using default page load timeout: '30'

2023-01-26 11:12:50 - [MESSAGE][PASSED] - Tapped on element 'Object Repository/Cart/android.widget.TextView - Catalog'

2023-01-26 11:12:50 - [TEST_STEP][PASSED] - tap(findTestObject("Object Repository/Cart/android.widget.ImageView (7)"), 0): Tapped on element 'Object Repository/Cart/android.widget.ImageView (7)'

2023-01-26 11:12:50 - [MESSAGE][WARNING] - Timeout '0' is invalid. Using default page load timeout: '30'

2023-01-26 11:12:52 - [MESSAGE][PASSED] - Tapped on element 'Object Repository/Cart/android.widget.ImageView (7)'

2023-01-26 11:12:52 - [TEST_STEP][PASSED] - scrollToText("Add To Cart"): Scrolling to text 'Add To Cart' successfully

2023-01-26 11:12:58 - [MESSAGE][PASSED] - Scrolling to text 'Add To Cart' successfully

2023-01-26 11:12:58 - [TEST_STEP][PASSED] - tap(findTestObject("Cart/android.widget.TextView - Add To Cart"), 0): Tapped on element 'Object Repository/Cart/android.widget.TextView - Add To Cart'

2023-01-26 11:12:58 - [MESSAGE][WARNING] - Timeout '0' is invalid. Using default page load timeout: '30'

2023-01-26 11:12:58 - [MESSAGE][PASSED] - Tapped on element 'Object Repository/Cart/android.widget.TextView - Add To Cart'

2023-01-26 11:12:58 - [TEST_STEP][PASSED] - tap(findTestObject("Cart/android.widget.ImageView (5)"), 0): Tapped on element 'Object Repository/Cart/android.widget.ImageView (5)'

2023-01-26 11:12:58 - [MESSAGE][WARNING] - Timeout '0' is invalid. Using default page load timeout: '30'

2023-01-26 11:12:59 - [MESSAGE][PASSED] - Tapped on element 'Object Repository/Cart/android.widget.ImageView (5)'

2023-01-26 11:12:59 - [TEST_STEP][PASSED] - verifyElementText(findTestObject("Object Repository/Cart/android.widget.TextView - My Cart"), "My Cart"): Actual text and expected text of test object 'Object Repository/Cart/android.widget.TextView - My Cart' are matched.

2023-01-26 11:13:00 - [MESSAGE][PASSED] - Actual text and expected text of test object 'Object Repository/Cart/android.widget.TextView - My Cart' are matched.

2023-01-26 11:13:00 - [TEST_STEP][PASSED] - closeApplication(): Close app successfully

2023-01-26 11:13:02 - [MESSAGE][PASSED] - Close app successfully]]></system-out>
         <system-err><![CDATA[]]></system-err>
      </testcase>
      <system-out><![CDATA[2023-01-26 11:11:27 - [TEST_SUITE][PASSED] - Cart adding testing: Test Cases/TC05-Cart adding success_2]]></system-out>
      <system-err><![CDATA[]]></system-err>
   </testsuite>
</testsuites>
